<?xml version="1.0" encoding="UTF-8"?>
<!-- Generated by org.testng.reporters.JUnitReportReporter -->
<testsuite hostname="MAYAVI" failures="0" tests="10" name="TestngDemo.Invocationcounttest" time="0.030" errors="0" timestamp="2022-03-24T10:17:15 IST" skipped="0">
  <testcase classname="TestngDemo.Invocationcounttest" name="sum" time="0.002"/>
  <system-out/>
  <testcase classname="TestngDemo.Invocationcounttest" name="sum" time="0.009"/>
  <system-out/>
  <testcase classname="TestngDemo.Invocationcounttest" name="sum" time="0.003"/>
  <system-out/>
  <testcase classname="TestngDemo.Invocationcounttest" name="sum" time="0.002"/>
  <system-out/>
  <testcase classname="TestngDemo.Invocationcounttest" name="sum" time="0.002"/>
  <system-out/>
  <testcase classname="TestngDemo.Invocationcounttest" name="sum" time="0.003"/>
  <system-out/>
  <testcase classname="TestngDemo.Invocationcounttest" name="sum" time="0.002"/>
  <system-out/>
  <testcase classname="TestngDemo.Invocationcounttest" name="sum" time="0.002"/>
  <system-out/>
  <testcase classname="TestngDemo.Invocationcounttest" name="sum" time="0.002"/>
  <system-out/>
  <testcase classname="TestngDemo.Invocationcounttest" name="sum" time="0.003"/>
  <system-out/>
</testsuite> <!-- TestngDemo.Invocationcounttest -->
