<?xml version="1.0" encoding="UTF-8"?>
<!-- Generated by org.testng.reporters.JUnitReportReporter -->
<testsuite hostname="MAYAVI" failures="0" tests="2" name="TestngDemo.GoogleTitleTest" time="10.130" errors="0" timestamp="2022-03-24T10:47:54 IST" skipped="0">
  <testcase classname="TestngDemo.GoogleTitleTest" name="logoTest" time="4.858"/>
  <system-out/>
  <testcase classname="TestngDemo.GoogleTitleTest" name="getTitleTest" time="5.272"/>
  <system-out/>
</testsuite> <!-- TestngDemo.GoogleTitleTest -->
