<?xml version="1.0" encoding="UTF-8"?>
<!-- Generated by org.testng.reporters.JUnitReportReporter -->
<testsuite hostname="MAYAVI" failures="0" tests="4" name="TestngDemo.Testngbasics" time="0.010" errors="0" timestamp="2022-03-24T10:11:49 IST" skipped="0">
  <testcase classname="TestngDemo.Testngbasics" name="logintest" time="0.006"/>
  <system-out/>
  <testcase classname="TestngDemo.Testngbasics" name="logut" time="0.002"/>
  <system-out/>
  <testcase classname="TestngDemo.Testngbasics" name="homepage" time="0.001"/>
  <system-out/>
  <testcase classname="TestngDemo.Testngbasics" name="search" time="0.001"/>
  <system-out/>
</testsuite> <!-- TestngDemo.Testngbasics -->
