<?xml version="1.0" encoding="UTF-8"?>
<!-- Generated by org.testng.reporters.JUnitReportReporter -->
<testsuite hostname="MAYAVI" failures="0" tests="3" name="com.crm.qa.testcases.LoginPageTest" time="30.001" errors="0" timestamp="2022-04-01T22:52:48 IST" skipped="0">
  <testcase classname="com.crm.qa.testcases.LoginPageTest" name="loginPageTitleTest" time="9.491"/>
  <system-out/>
  <testcase classname="com.crm.qa.testcases.LoginPageTest" name="loginPageLogoTest" time="8.951"/>
  <system-out/>
  <testcase classname="com.crm.qa.testcases.LoginPageTest" name="loginTest" time="11.559"/>
  <system-out/>
</testsuite> <!-- com.crm.qa.testcases.LoginPageTest -->
